<?xml version="1.0" encoding="UTF-8"?>
<!-- Generated by org.testng.reporters.JUnitReportReporter -->
<testsuite hostname="LAPTOP-HC48UM7D" failures="0" tests="4" name="tests.UserLoginTest" time="1.869" errors="0" timestamp="2022-03-17T20:37:16 EET" skipped="0">
  <testcase classname="tests.UserLoginTest" name="userCanLoginSuccessfully" time="0.552"/>
  <system-out/>
  <testcase classname="tests.UserLoginTest" name="validateOrderPlacedSuccessfully" time="0.175"/>
  <system-out/>
  <testcase classname="tests.UserLoginTest" name="proceedToCheckoutPageAndPlaceOrder" time="0.803"/>
  <system-out/>
  <testcase classname="tests.UserLoginTest" name="addProductsToCartSuccessfully" time="0.339"/>
  <system-out/>
</testsuite> <!-- tests.UserLoginTest -->
